number,value,datetime_start,datetime_complete,duration,params_colsample_bytree,params_gamma,params_learning_rate,params_max_depth,params_min_child_weight,params_n_estimators,params_reg_alpha,params_reg_lambda,params_subsample,state
0,0.5273912210082423,2026-05-16 16:39:31.051285,2026-05-16 16:39:33.654455,0 days 00:00:02.603170,0.5780093202212182,0.2904180608409973,0.2536999076681772,9,2,325,2.1423021757741068,0.10129197956845731,0.7993292420985183,COMPLETE
1,0.5286435371541754,2026-05-16 16:39:33.654519,2026-05-16 16:39:43.453381,0 days 00:00:09.798862,0.6061695553391381,0.9170225492671691,0.010725209743171997,10,2,525,0.0033205591037519565,0.042051564509138675,0.9162213204002109,COMPLETE
2,0.5808702319340618,2026-05-16 16:39:43.453433,2026-05-16 16:39:46.751820,0 days 00:00:03.298387,0.6460723242676091,2.28034992108518,0.02692655251486473,8,4,359,0.8431013932082461,0.0009962513222055108,0.569746930326021,COMPLETE
3,0.5952415181138585,2026-05-16 16:39:46.751873,2026-05-16 16:39:49.218480,0 days 00:00:02.466607,0.5852620618436457,4.7444276862666666,0.07500118950416987,4,1,409,6.732248920775331,1.1015056790269626,0.8037724259507192,COMPLETE
4,0.596528975784295,2026-05-16 16:39:49.218534,2026-05-16 16:39:52.772505,0 days 00:00:03.553971,0.5610191174223894,0.17194260557609198,0.013940346079873234,8,5,283,3.5204810455260365,0.0019674328025306126,0.7200762468698007,COMPLETE
5,0.5925388154111558,2026-05-16 16:39:52.772579,2026-05-16 16:39:55.841624,0 days 00:00:03.069045,0.5924272277627636,3.8756641168055728,0.028869220380495747,7,10,498,4.9830438374949075,2.9794544625913595,0.7733551396716398,COMPLETE
6,0.5575043128234618,2026-05-16 16:39:55.841674,2026-05-16 16:39:56.486566,0 days 00:00:00.644892,0.522613644455269,1.9433864484474102,0.22999586428143728,4,4,459,0.002273762810253686,1.3921548533046495,0.5979914312095727,PRUNED
7,0.6316848763657275,2026-05-16 16:39:56.486604,2026-05-16 16:39:56.962591,0 days 00:00:00.475987,0.9010984903770198,4.9344346830025865,0.026000059117302653,7,1,314,0.7264803074826727,0.0009853225172032562,0.5704621124873813,PRUNED
8,0.6279470960322024,2026-05-16 16:39:56.962623,2026-05-16 16:39:57.157388,0 days 00:00:00.194765,0.8856351733429728,1.7923286427213632,0.1601531217136121,8,1,103,0.00037961668958008145,2.0678409397839492,0.8645035840204937,PRUNED
9,0.5867133090537345,2026-05-16 16:39:57.157419,2026-05-16 16:40:00.275010,0 days 00:00:03.117591,0.6625916610133735,3.1877873567760657,0.030816017044468066,4,8,474,2.7293781650374753,0.022965432344634346,0.6554911608578311,COMPLETE
10,0.6414606095457159,2026-05-16 16:40:00.275061,2026-05-16 16:40:01.875590,0 days 00:00:01.600529,0.7680942943488797,0.07563407956692315,0.010206070557576998,6,7,668,0.1168990811462345,0.00017256875961834048,0.6889757749826013,PRUNED
11,0.6394479585968948,2026-05-16 16:40:01.875623,2026-05-16 16:40:02.182924,0 days 00:00:00.307301,0.7348121050481815,4.7010949664229855,0.09007338600703146,5,5,191,0.10862289420171278,0.005089885901936415,0.7252583081139429,PRUNED
12,0.5,2026-05-16 16:40:02.182962,2026-05-16 16:40:02.514865,0 days 00:00:00.331903,0.5136838498519677,3.138214726279749,0.06537469750813102,6,7,233,8.94801665355767,0.5002488288570663,0.9979530451829522,PRUNED
13,0.5468660149511213,2026-05-16 16:40:02.514898,2026-05-16 16:40:02.956457,0 days 00:00:00.441559,0.7084623041637502,1.2077746649016983,0.0915438724927121,9,3,236,0.27615159740375067,0.2676227571454768,0.8091756974595518,PRUNED
14,0.6336975273145486,2026-05-16 16:40:02.956488,2026-05-16 16:40:03.875133,0 days 00:00:00.918645,0.8155421717694826,4.076326471925864,0.04316562549151683,6,6,632,0.01712896133858374,0.007097629680906186,0.5069702231234476,PRUNED
15,0.5,2026-05-16 16:40:03.875165,2026-05-16 16:40:04.365495,0 days 00:00:00.490330,0.506100656510673,2.9766926739811987,0.017171744399848882,5,10,394,9.912381304573636,7.6971921447849185,0.8726957520691568,PRUNED
16,0.6250718803910293,2026-05-16 16:40:04.365528,2026-05-16 16:40:05.252527,0 days 00:00:00.886999,0.6639926607342311,0.9852702819299359,0.11797232131853443,10,5,592,1.2079280144639784,0.00011638474835594266,0.7249589099490502,PRUNED
17,0.5861957702383234,2026-05-16 16:40:05.252559,2026-05-16 16:40:07.291067,0 days 00:00:02.038508,0.5624983578731706,4.0699685278891575,0.052895720277906504,8,3,265,0.06369775618783455,0.001547733090814374,0.6459480087224699,COMPLETE
18,0.5729298447383554,2026-05-16 16:40:07.291118,2026-05-16 16:40:11.684922,0 days 00:00:04.393804,0.8020792747505996,1.5730349516767714,0.01633944523707526,5,8,149,0.02012683662461885,0.009919122221659409,0.8333784157874995,COMPLETE
19,0.6152961472110408,2026-05-16 16:40:11.684976,2026-05-16 16:40:12.280704,0 days 00:00:00.595728,0.6943869069870374,2.6881312054285456,0.04302553031342478,9,3,425,0.5654165216348318,0.207540712998829,0.9510169645090225,PRUNED
20,0.6308223116733755,2026-05-16 16:40:12.280737,2026-05-16 16:40:13.001860,0 days 00:00:00.721123,0.9640514341164361,3.6719553329466015,0.14780399716178413,7,6,575,0.00011431541785080464,0.0003849565964185711,0.754163475771782,PRUNED
21,0.5925388154111558,2026-05-16 16:40:13.001891,2026-05-16 16:40:16.094517,0 days 00:00:03.092626,0.5992640359907411,4.4100307159122885,0.017429082404149393,7,10,489,3.717642135537067,8.874292678571459,0.7609954813701713,COMPLETE
22,0.5904111558366878,2026-05-16 16:40:16.094606,2026-05-16 16:40:18.682460,0 days 00:00:02.587854,0.5588374240080011,3.839869250575328,0.02147490516175628,8,9,401,5.4886036938975336,2.057007542844909,0.781727809593727,COMPLETE
23,0.5766324835473772,2026-05-16 16:40:18.682518,2026-05-16 16:40:22.251937,0 days 00:00:03.569419,0.6326537789436381,4.51362845462662,0.03625421859651004,7,9,535,0.2665266520810043,0.8877574769743454,0.693206612888742,COMPLETE
24,0.5760750111813941,2026-05-16 16:40:22.251992,2026-05-16 16:40:24.255891,0 days 00:00:02.003899,0.5502904221832455,3.597906537511615,0.06901270416383731,4,7,305,1.490385910708327,3.9629313768031897,0.8501191485755071,COMPLETE
25,0.5882084211871447,2026-05-16 16:40:24.255945,2026-05-16 16:40:26.633159,0 days 00:00:02.377214,0.6123208767975096,4.33750342639951,0.01268236671278559,6,4,347,3.305853011766083,0.03811132716305814,0.9023139406293356,COMPLETE
26,0.6423231742380678,2026-05-16 16:40:26.633214,2026-05-16 16:40:27.291371,0 days 00:00:00.658157,0.6908532143896395,4.956738052990695,0.021256389391407268,9,2,438,0.2826850141346039,0.002892503039431854,0.717710798011912,PRUNED
27,0.5,2026-05-16 16:40:27.291404,2026-05-16 16:40:27.756501,0 days 00:00:00.465097,0.5340756653786141,3.4539057329498473,0.014242821173695921,5,9,388,9.474881978651856,0.11154942886684063,0.8155656933327262,PRUNED
28,0.5889160437032778,2026-05-16 16:40:27.756533,2026-05-16 16:40:31.069479,0 days 00:00:03.312946,0.5857436812209975,2.4702929230325177,0.05397518413836696,8,5,528,3.75133868467844,0.7611192915990325,0.6455821353814579,COMPLETE
29,0.5652642003705834,2026-05-16 16:40:31.069533,2026-05-16 16:40:33.245993,0 days 00:00:02.176460,0.5861064778085511,2.7739227140915683,0.03975358278732902,9,1,303,1.8580546803490077,3.6642924065379723,0.7743680852449464,COMPLETE
30,0.5824979234553702,2026-05-16 16:40:33.246063,2026-05-16 16:40:37.231576,0 days 00:00:03.985513,0.6318054083503389,0.6155467087603381,0.021208498259804812,7,8,355,0.007240219229336816,0.34476932228140905,0.6818899783166295,COMPLETE
31,0.6431857389304197,2026-05-16 16:40:37.231631,2026-05-16 16:40:37.929521,0 days 00:00:00.697890,0.5939218542683568,4.314581929953411,0.0173263915121404,7,10,477,4.3044159675865306,7.753006251880046,0.7657917411746711,PRUNED
32,0.6431857389304197,2026-05-16 16:40:37.929552,2026-05-16 16:40:38.572175,0 days 00:00:00.642623,0.6196457461898556,4.6575817454215205,0.01261835004085955,7,10,510,1.800947388641979,9.978655359453526,0.7843247207284021,PRUNED
33,0.5673918599450515,2026-05-16 16:40:38.572208,2026-05-16 16:40:42.320313,0 days 00:00:03.748105,0.5707067585872384,4.0360303618417674,0.03017052971625457,10,9,573,0.5332444516333935,3.8685637793441576,0.7466573542814421,COMPLETE
34,0.6431857389304197,2026-05-16 16:40:42.320372,2026-05-16 16:40:42.923477,0 days 00:00:00.603105,0.6640253143746593,4.376677721123016,0.024589176221348052,8,10,497,5.343005451970891,0.1132536017578792,0.8137514985570806,PRUNED
35,0.6037952846463485,2026-05-16 16:40:42.923509,2026-05-16 16:40:46.601032,0 days 00:00:03.677523,0.539609454687474,0.48427966469103334,0.013904980840053663,6,4,441,0.8970631839690735,0.016314686626286476,0.7500355840968638,PRUNED
36,0.6152961472110408,2026-05-16 16:40:46.601064,2026-05-16 16:40:47.273780,0 days 00:00:00.672716,0.6009040709563348,2.0871249058671317,0.25380674524508673,8,2,552,2.362201346708804,1.493290809594714,0.8801947991638123,PRUNED
37,0.5792377483866846,2026-05-16 16:40:47.273813,2026-05-16 16:40:50.541957,0 days 00:00:03.268144,0.5000548506876135,4.969776515103924,0.03404429341583893,4,8,486,0.0016995791974460529,0.06117132401577691,0.611859241891793,COMPLETE
38,0.5760750111813941,2026-05-16 16:40:50.542016,2026-05-16 16:40:53.770567,0 days 00:00:03.228551,0.6425973238691047,3.381647072964282,0.011294329196619065,7,6,379,0.4760531165724985,4.025276222538648,0.8329488471098817,COMPLETE
39,0.6431857389304197,2026-05-16 16:40:53.770622,2026-05-16 16:40:54.311886,0 days 00:00:00.541264,0.7369454672023286,4.729964290739439,0.024932845495376926,6,1,420,5.53364138024717,0.0006304186129091937,0.7071255808216009,PRUNED
40,0.5845313398504888,2026-05-16 16:40:54.311918,2026-05-16 16:40:55.663628,0 days 00:00:01.351710,0.5443208538253995,0.007250058963767181,0.07658001418705733,9,9,620,0.9369004836253354,0.8174203134153005,0.7964048912919537,PRUNED
41,0.6431857389304197,2026-05-16 16:40:55.663660,2026-05-16 16:40:56.265491,0 days 00:00:00.601831,0.567987585423151,3.7997489966629017,0.02093604100084687,8,10,459,5.509645470418503,1.4681264413048316,0.7800724275910952,PRUNED
42,0.5867308798159863,2026-05-16 16:40:56.265525,2026-05-16 16:40:58.278133,0 days 00:00:02.012608,0.5237307795465138,3.895489288998437,0.01759123554748423,8,9,276,2.76706299599103,2.508094672866641,0.737581402116217,COMPLETE
43,0.6170212765957447,2026-05-16 16:40:58.278184,2026-05-16 16:40:58.781575,0 days 00:00:00.503391,0.6088435881640019,4.209775867986361,0.028093456723084404,8,10,410,7.177990649899062,2.422790418634991,0.6771291535654584,PRUNED
44,0.5803303303303304,2026-05-16 16:40:58.781608,2026-05-16 16:41:02.142835,0 days 00:00:03.361227,0.5618410625341828,1.6101530790607053,0.021098944807931234,7,8,454,3.006675175917697,6.402003138374858,0.7952082790964439,COMPLETE
45,0.6374353076480737,2026-05-16 16:41:02.142888,2026-05-16 16:41:02.673661,0 days 00:00:00.530773,0.6627383328643942,3.2212447113530986,0.014918819922309718,9,9,345,1.499205379864834,0.6372636897443786,0.8390510330930067,PRUNED
46,0.6382978723404256,2026-05-16 16:41:02.673706,2026-05-16 16:41:02.932970,0 days 00:00:00.259264,0.5255910990904613,4.594248539920519,0.010934981301395136,8,7,182,5.346119588249314,1.5102962362562706,0.7695930111259079,PRUNED
47,0.5813654079611527,2026-05-16 16:41:02.933002,2026-05-16 16:41:07.163386,0 days 00:00:04.230384,0.5799226295463257,3.972832686574822,0.10169779522540935,5,10,696,0.14686999749332252,4.758949899328033,0.735349294589304,COMPLETE
48,0.6431857389304197,2026-05-16 16:41:07.163441,2026-05-16 16:41:07.629528,0 days 00:00:00.466087,0.6818962697263994,4.774869480018878,0.19476582436567738,10,4,381,9.173351119361008,0.17236072726701326,0.7088006205778367,PRUNED
49,0.6296722254169063,2026-05-16 16:41:07.629653,2026-05-16 16:41:07.846037,0 days 00:00:00.216384,0.7761025258482941,3.75950410374482,0.018101218449719278,6,3,106,2.350740530565048,0.4689644865755171,0.6655532704013647,PRUNED
